Arguments: 
  /usr/local/bin/node /Users/david/.yarn/bin/yarn.js add --dev nodemon ts-node

PATH: 
  /anaconda3/bin:/Library/Frameworks/Python.framework/Versions/3.7/bin:/Users/david/.yarn/bin:/Users/david/.config/yarn/global/node_modules/.bin:/usr/local/bin:/usr/bin:/bin:/usr/sbin:/sbin:/usr/local/go/bin:/anaconda3/bin:/Library/Frameworks/Python.framework/Versions/3.7/bin:/Users/david/.yarn/bin:/Users/david/.config/yarn/global/node_modules/.bin:/usr/local/mongodb/bin:/Applications/Visual Studio Code.app/Contents/Resources/app/bin:/usr/local/mongodb/bin:/Applications/Visual Studio Code.app/Contents/Resources/app/bin:/Applications/Visual Studio Code.app/Contents/Resources/app/bin

Yarn version: 
  1.7.0

Node version: 
  8.11.1

Platform: 
  darwin x64

Trace: 
  Error: write EADDRNOTAVAIL
      at _errnoException (util.js:1022:11)
      at WriteWrap.afterWrite [as oncomplete] (net.js:880:14)

npm manifest: 
  {
    "name": "nodets",
    "version": "1.0.0",
    "description": "",
    "main": "index.js",
    "scripts": {
      "tsc": "tsc",
      "start2": "tsc && node build/index.js",
      "start": "ts-node src/index.ts",
      "dev": "./node_modules/nodemon/bin/nodemon.js",
      "prod": "npm run build && npm run start",
      "watch-ts": "tsc -w",
      "tslint": "tslint -c tslint.json -p src/tsconfig.json",
      "migrate": "knex migrate:latest"
    },
    "keywords": [
      "TypeScript",
      "Express",
      "Postgres",
      "RabbitMQ",
      "Knex"
    ],
    "author": "David Abimbola",
    "license": "ISC",
    "dependencies": {
      "@decorators/express": "^2.3.0",
      "body-parser": "^1.18.3",
      "dotenv": "^6.1.0",
      "express": "^4.16.4",
      "knex": "^0.13.0",
      "morgan": "^1.9.1",
      "pg": "^7.9.0"
    },
    "devDependencies": {
      "nodemon": "^1.18.3",
      "@types/express": "^4.16.1",
      "@types/morgan": "^1.7.35",
      "@types/knex": "0.0.61",
      "tslint": "^5.11.0",
      "ts-node-dev": "^1.0.0-pre.32",
      "typescript": "^3.3.4000"
    }
  }

yarn manifest: 
  No manifest

Lockfile: 
  No lockfile
